{
  "timestamp": "2025-10-16T02:22:06.252Z",
  "error": {
    "name": "NotFoundError",
    "message": "Route /api/auth/register/send-otp not found",
    "type": "NOT_FOUND_ERROR",
    "code": 3001,
    "statusCode": 404,
    "stack": "NotFoundError: Route /api/auth/register/send-otp not found\n    at notFoundHandler (file:///E:/mini-coursera-ui-tailwind/backend/middleware/errorHandler.js:326:17)\n    at Layer.handle [as handle_request] (E:\\mini-coursera-ui-tailwind\\backend\\node_modules\\express\\lib\\router\\layer.js:95:5)\n    at trim_prefix (E:\\mini-coursera-ui-tailwind\\backend\\node_modules\\express\\lib\\router\\index.js:328:13)\n    at E:\\mini-coursera-ui-tailwind\\backend\\node_modules\\express\\lib\\router\\index.js:286:9\n    at param (E:\\mini-coursera-ui-tailwind\\backend\\node_modules\\express\\lib\\router\\index.js:365:14)\n    at param (E:\\mini-coursera-ui-tailwind\\backend\\node_modules\\express\\lib\\router\\index.js:376:14)\n    at router.process_params (E:\\mini-coursera-ui-tailwind\\backend\\node_modules\\express\\lib\\router\\index.js:421:3)\n    at next (E:\\mini-coursera-ui-tailwind\\backend\\node_modules\\express\\lib\\router\\index.js:280:10)\n    at E:\\mini-coursera-ui-tailwind\\backend\\node_modules\\express\\lib\\router\\index.js:646:15\n    at next (E:\\mini-coursera-ui-tailwind\\backend\\node_modules\\express\\lib\\router\\index.js:265:14)"
  },
  "request": {
    "method": "GET",
    "url": "/api/auth/register/send-otp",
    "userAgent": "Mozilla/5.0 (Windows NT 10.0; Win64; x64) AppleWebKit/537.36 (KHTML, like Gecko) Chrome/141.0.0.0 Safari/537.36",
    "ip": "127.0.0.1",
    "userId": null,
    "body": {},
    "query": {}
  },
  "environment": "development"
}
{
  "timestamp": "2025-10-16T02:22:38.235Z",
  "error": {
    "name": "NotFoundError",
    "message": "Route /api/auth/register/send-otp not found",
    "type": "NOT_FOUND_ERROR",
    "code": 3001,
    "statusCode": 404,
    "stack": "NotFoundError: Route /api/auth/register/send-otp not found\n    at notFoundHandler (file:///E:/mini-coursera-ui-tailwind/backend/middleware/errorHandler.js:326:17)\n    at Layer.handle [as handle_request] (E:\\mini-coursera-ui-tailwind\\backend\\node_modules\\express\\lib\\router\\layer.js:95:5)\n    at trim_prefix (E:\\mini-coursera-ui-tailwind\\backend\\node_modules\\express\\lib\\router\\index.js:328:13)\n    at E:\\mini-coursera-ui-tailwind\\backend\\node_modules\\express\\lib\\router\\index.js:286:9\n    at param (E:\\mini-coursera-ui-tailwind\\backend\\node_modules\\express\\lib\\router\\index.js:365:14)\n    at param (E:\\mini-coursera-ui-tailwind\\backend\\node_modules\\express\\lib\\router\\index.js:376:14)\n    at router.process_params (E:\\mini-coursera-ui-tailwind\\backend\\node_modules\\express\\lib\\router\\index.js:421:3)\n    at next (E:\\mini-coursera-ui-tailwind\\backend\\node_modules\\express\\lib\\router\\index.js:280:10)\n    at E:\\mini-coursera-ui-tailwind\\backend\\node_modules\\express\\lib\\router\\index.js:646:15\n    at next (E:\\mini-coursera-ui-tailwind\\backend\\node_modules\\express\\lib\\router\\index.js:265:14)"
  },
  "request": {
    "method": "GET",
    "url": "/api/auth/register/send-otp",
    "userAgent": "Mozilla/5.0 (Windows NT 10.0; Win64; x64) AppleWebKit/537.36 (KHTML, like Gecko) Chrome/141.0.0.0 Safari/537.36",
    "ip": "127.0.0.1",
    "userId": null,
    "body": {},
    "query": {}
  },
  "environment": "development"
}
