{
  "timestamp": "2025-10-21T00:32:10.727Z",
  "error": {
    "name": "NotFoundError",
    "message": "Route /api/courses/instructor/my-courses not found",
    "type": "NOT_FOUND_ERROR",
    "code": 3001,
    "statusCode": 404,
    "stack": "NotFoundError: Route /api/courses/instructor/my-courses not found\n    at notFoundHandler (file:///E:/mini-coursera-ui-tailwind/backend/middleware/errorHandler.js:325:17)\n    at Layer.handle [as handle_request] (E:\\mini-coursera-ui-tailwind\\backend\\node_modules\\express\\lib\\router\\layer.js:95:5)\n    at trim_prefix (E:\\mini-coursera-ui-tailwind\\backend\\node_modules\\express\\lib\\router\\index.js:328:13)\n    at E:\\mini-coursera-ui-tailwind\\backend\\node_modules\\express\\lib\\router\\index.js:286:9\n    at param (E:\\mini-coursera-ui-tailwind\\backend\\node_modules\\express\\lib\\router\\index.js:365:14)\n    at param (E:\\mini-coursera-ui-tailwind\\backend\\node_modules\\express\\lib\\router\\index.js:376:14)\n    at router.process_params (E:\\mini-coursera-ui-tailwind\\backend\\node_modules\\express\\lib\\router\\index.js:421:3)\n    at next (E:\\mini-coursera-ui-tailwind\\backend\\node_modules\\express\\lib\\router\\index.js:280:10)\n    at E:\\mini-coursera-ui-tailwind\\backend\\node_modules\\express\\lib\\router\\index.js:646:15\n    at next (E:\\mini-coursera-ui-tailwind\\backend\\node_modules\\express\\lib\\router\\index.js:265:14)"
  },
  "request": {
    "method": "GET",
    "url": "/api/courses/instructor/my-courses",
    "userAgent": "Mozilla/5.0 (Windows NT 10.0; Win64; x64) AppleWebKit/537.36 (KHTML, like Gecko) Chrome/141.0.0.0 Safari/537.36",
    "ip": "127.0.0.1",
    "userId": null,
    "body": {},
    "query": {}
  },
  "environment": "development"
}
{
  "timestamp": "2025-10-21T00:32:10.740Z",
  "error": {
    "name": "NotFoundError",
    "message": "Route /api/courses/instructor/my-courses not found",
    "type": "NOT_FOUND_ERROR",
    "code": 3001,
    "statusCode": 404,
    "stack": "NotFoundError: Route /api/courses/instructor/my-courses not found\n    at notFoundHandler (file:///E:/mini-coursera-ui-tailwind/backend/middleware/errorHandler.js:325:17)\n    at Layer.handle [as handle_request] (E:\\mini-coursera-ui-tailwind\\backend\\node_modules\\express\\lib\\router\\layer.js:95:5)\n    at trim_prefix (E:\\mini-coursera-ui-tailwind\\backend\\node_modules\\express\\lib\\router\\index.js:328:13)\n    at E:\\mini-coursera-ui-tailwind\\backend\\node_modules\\express\\lib\\router\\index.js:286:9\n    at param (E:\\mini-coursera-ui-tailwind\\backend\\node_modules\\express\\lib\\router\\index.js:365:14)\n    at param (E:\\mini-coursera-ui-tailwind\\backend\\node_modules\\express\\lib\\router\\index.js:376:14)\n    at router.process_params (E:\\mini-coursera-ui-tailwind\\backend\\node_modules\\express\\lib\\router\\index.js:421:3)\n    at next (E:\\mini-coursera-ui-tailwind\\backend\\node_modules\\express\\lib\\router\\index.js:280:10)\n    at E:\\mini-coursera-ui-tailwind\\backend\\node_modules\\express\\lib\\router\\index.js:646:15\n    at next (E:\\mini-coursera-ui-tailwind\\backend\\node_modules\\express\\lib\\router\\index.js:265:14)"
  },
  "request": {
    "method": "GET",
    "url": "/api/courses/instructor/my-courses",
    "userAgent": "Mozilla/5.0 (Windows NT 10.0; Win64; x64) AppleWebKit/537.36 (KHTML, like Gecko) Chrome/141.0.0.0 Safari/537.36",
    "ip": "127.0.0.1",
    "userId": null,
    "body": {},
    "query": {}
  },
  "environment": "development"
}
{
  "timestamp": "2025-10-21T00:32:50.266Z",
  "error": {
    "name": "NotFoundError",
    "message": "Route /api/courses/instructor/my-courses not found",
    "type": "NOT_FOUND_ERROR",
    "code": 3001,
    "statusCode": 404,
    "stack": "NotFoundError: Route /api/courses/instructor/my-courses not found\n    at notFoundHandler (file:///E:/mini-coursera-ui-tailwind/backend/middleware/errorHandler.js:325:17)\n    at Layer.handle [as handle_request] (E:\\mini-coursera-ui-tailwind\\backend\\node_modules\\express\\lib\\router\\layer.js:95:5)\n    at trim_prefix (E:\\mini-coursera-ui-tailwind\\backend\\node_modules\\express\\lib\\router\\index.js:328:13)\n    at E:\\mini-coursera-ui-tailwind\\backend\\node_modules\\express\\lib\\router\\index.js:286:9\n    at param (E:\\mini-coursera-ui-tailwind\\backend\\node_modules\\express\\lib\\router\\index.js:365:14)\n    at param (E:\\mini-coursera-ui-tailwind\\backend\\node_modules\\express\\lib\\router\\index.js:376:14)\n    at router.process_params (E:\\mini-coursera-ui-tailwind\\backend\\node_modules\\express\\lib\\router\\index.js:421:3)\n    at next (E:\\mini-coursera-ui-tailwind\\backend\\node_modules\\express\\lib\\router\\index.js:280:10)\n    at E:\\mini-coursera-ui-tailwind\\backend\\node_modules\\express\\lib\\router\\index.js:646:15\n    at next (E:\\mini-coursera-ui-tailwind\\backend\\node_modules\\express\\lib\\router\\index.js:265:14)"
  },
  "request": {
    "method": "GET",
    "url": "/api/courses/instructor/my-courses",
    "userAgent": "Mozilla/5.0 (Windows NT 10.0; Win64; x64) AppleWebKit/537.36 (KHTML, like Gecko) Chrome/141.0.0.0 Safari/537.36",
    "ip": "127.0.0.1",
    "userId": null,
    "body": {},
    "query": {}
  },
  "environment": "development"
}
{
  "timestamp": "2025-10-21T00:32:50.270Z",
  "error": {
    "name": "NotFoundError",
    "message": "Route /api/courses/instructor/my-courses not found",
    "type": "NOT_FOUND_ERROR",
    "code": 3001,
    "statusCode": 404,
    "stack": "NotFoundError: Route /api/courses/instructor/my-courses not found\n    at notFoundHandler (file:///E:/mini-coursera-ui-tailwind/backend/middleware/errorHandler.js:325:17)\n    at Layer.handle [as handle_request] (E:\\mini-coursera-ui-tailwind\\backend\\node_modules\\express\\lib\\router\\layer.js:95:5)\n    at trim_prefix (E:\\mini-coursera-ui-tailwind\\backend\\node_modules\\express\\lib\\router\\index.js:328:13)\n    at E:\\mini-coursera-ui-tailwind\\backend\\node_modules\\express\\lib\\router\\index.js:286:9\n    at param (E:\\mini-coursera-ui-tailwind\\backend\\node_modules\\express\\lib\\router\\index.js:365:14)\n    at param (E:\\mini-coursera-ui-tailwind\\backend\\node_modules\\express\\lib\\router\\index.js:376:14)\n    at router.process_params (E:\\mini-coursera-ui-tailwind\\backend\\node_modules\\express\\lib\\router\\index.js:421:3)\n    at next (E:\\mini-coursera-ui-tailwind\\backend\\node_modules\\express\\lib\\router\\index.js:280:10)\n    at E:\\mini-coursera-ui-tailwind\\backend\\node_modules\\express\\lib\\router\\index.js:646:15\n    at next (E:\\mini-coursera-ui-tailwind\\backend\\node_modules\\express\\lib\\router\\index.js:265:14)"
  },
  "request": {
    "method": "GET",
    "url": "/api/courses/instructor/my-courses",
    "userAgent": "Mozilla/5.0 (Windows NT 10.0; Win64; x64) AppleWebKit/537.36 (KHTML, like Gecko) Chrome/141.0.0.0 Safari/537.36",
    "ip": "127.0.0.1",
    "userId": null,
    "body": {},
    "query": {}
  },
  "environment": "development"
}
{
  "timestamp": "2025-10-21T02:03:51.618Z",
  "error": {
    "name": "NotFoundError",
    "message": "Route /api/courses/instructor/my-courses not found",
    "type": "NOT_FOUND_ERROR",
    "code": 3001,
    "statusCode": 404,
    "stack": "NotFoundError: Route /api/courses/instructor/my-courses not found\n    at notFoundHandler (file:///E:/mini-coursera-ui-tailwind/backend/middleware/errorHandler.js:325:17)\n    at Layer.handle [as handle_request] (E:\\mini-coursera-ui-tailwind\\backend\\node_modules\\express\\lib\\router\\layer.js:95:5)\n    at trim_prefix (E:\\mini-coursera-ui-tailwind\\backend\\node_modules\\express\\lib\\router\\index.js:328:13)\n    at E:\\mini-coursera-ui-tailwind\\backend\\node_modules\\express\\lib\\router\\index.js:286:9\n    at param (E:\\mini-coursera-ui-tailwind\\backend\\node_modules\\express\\lib\\router\\index.js:365:14)\n    at param (E:\\mini-coursera-ui-tailwind\\backend\\node_modules\\express\\lib\\router\\index.js:376:14)\n    at router.process_params (E:\\mini-coursera-ui-tailwind\\backend\\node_modules\\express\\lib\\router\\index.js:421:3)\n    at next (E:\\mini-coursera-ui-tailwind\\backend\\node_modules\\express\\lib\\router\\index.js:280:10)\n    at E:\\mini-coursera-ui-tailwind\\backend\\node_modules\\express\\lib\\router\\index.js:646:15\n    at next (E:\\mini-coursera-ui-tailwind\\backend\\node_modules\\express\\lib\\router\\index.js:265:14)"
  },
  "request": {
    "method": "GET",
    "url": "/api/courses/instructor/my-courses",
    "userAgent": "Mozilla/5.0 (Linux; Android 6.0; Nexus 5 Build/MRA58N) AppleWebKit/537.36 (KHTML, like Gecko) Chrome/141.0.0.0 Mobile Safari/537.36",
    "ip": "127.0.0.1",
    "userId": null,
    "body": {},
    "query": {}
  },
  "environment": "development"
}
{
  "timestamp": "2025-10-21T02:03:51.622Z",
  "error": {
    "name": "NotFoundError",
    "message": "Route /api/courses/instructor/my-courses not found",
    "type": "NOT_FOUND_ERROR",
    "code": 3001,
    "statusCode": 404,
    "stack": "NotFoundError: Route /api/courses/instructor/my-courses not found\n    at notFoundHandler (file:///E:/mini-coursera-ui-tailwind/backend/middleware/errorHandler.js:325:17)\n    at Layer.handle [as handle_request] (E:\\mini-coursera-ui-tailwind\\backend\\node_modules\\express\\lib\\router\\layer.js:95:5)\n    at trim_prefix (E:\\mini-coursera-ui-tailwind\\backend\\node_modules\\express\\lib\\router\\index.js:328:13)\n    at E:\\mini-coursera-ui-tailwind\\backend\\node_modules\\express\\lib\\router\\index.js:286:9\n    at param (E:\\mini-coursera-ui-tailwind\\backend\\node_modules\\express\\lib\\router\\index.js:365:14)\n    at param (E:\\mini-coursera-ui-tailwind\\backend\\node_modules\\express\\lib\\router\\index.js:376:14)\n    at router.process_params (E:\\mini-coursera-ui-tailwind\\backend\\node_modules\\express\\lib\\router\\index.js:421:3)\n    at next (E:\\mini-coursera-ui-tailwind\\backend\\node_modules\\express\\lib\\router\\index.js:280:10)\n    at E:\\mini-coursera-ui-tailwind\\backend\\node_modules\\express\\lib\\router\\index.js:646:15\n    at next (E:\\mini-coursera-ui-tailwind\\backend\\node_modules\\express\\lib\\router\\index.js:265:14)"
  },
  "request": {
    "method": "GET",
    "url": "/api/courses/instructor/my-courses",
    "userAgent": "Mozilla/5.0 (Linux; Android 6.0; Nexus 5 Build/MRA58N) AppleWebKit/537.36 (KHTML, like Gecko) Chrome/141.0.0.0 Mobile Safari/537.36",
    "ip": "127.0.0.1",
    "userId": null,
    "body": {},
    "query": {}
  },
  "environment": "development"
}
{
  "timestamp": "2025-10-21T02:04:00.558Z",
  "error": {
    "name": "NotFoundError",
    "message": "Route /api/courses/instructor/my-courses not found",
    "type": "NOT_FOUND_ERROR",
    "code": 3001,
    "statusCode": 404,
    "stack": "NotFoundError: Route /api/courses/instructor/my-courses not found\n    at notFoundHandler (file:///E:/mini-coursera-ui-tailwind/backend/middleware/errorHandler.js:325:17)\n    at Layer.handle [as handle_request] (E:\\mini-coursera-ui-tailwind\\backend\\node_modules\\express\\lib\\router\\layer.js:95:5)\n    at trim_prefix (E:\\mini-coursera-ui-tailwind\\backend\\node_modules\\express\\lib\\router\\index.js:328:13)\n    at E:\\mini-coursera-ui-tailwind\\backend\\node_modules\\express\\lib\\router\\index.js:286:9\n    at param (E:\\mini-coursera-ui-tailwind\\backend\\node_modules\\express\\lib\\router\\index.js:365:14)\n    at param (E:\\mini-coursera-ui-tailwind\\backend\\node_modules\\express\\lib\\router\\index.js:376:14)\n    at router.process_params (E:\\mini-coursera-ui-tailwind\\backend\\node_modules\\express\\lib\\router\\index.js:421:3)\n    at next (E:\\mini-coursera-ui-tailwind\\backend\\node_modules\\express\\lib\\router\\index.js:280:10)\n    at E:\\mini-coursera-ui-tailwind\\backend\\node_modules\\express\\lib\\router\\index.js:646:15\n    at next (E:\\mini-coursera-ui-tailwind\\backend\\node_modules\\express\\lib\\router\\index.js:265:14)"
  },
  "request": {
    "method": "GET",
    "url": "/api/courses/instructor/my-courses",
    "userAgent": "Mozilla/5.0 (Linux; Android 6.0; Nexus 5 Build/MRA58N) AppleWebKit/537.36 (KHTML, like Gecko) Chrome/141.0.0.0 Mobile Safari/537.36",
    "ip": "127.0.0.1",
    "userId": null,
    "body": {},
    "query": {}
  },
  "environment": "development"
}
{
  "timestamp": "2025-10-21T02:04:00.561Z",
  "error": {
    "name": "NotFoundError",
    "message": "Route /api/courses/instructor/my-courses not found",
    "type": "NOT_FOUND_ERROR",
    "code": 3001,
    "statusCode": 404,
    "stack": "NotFoundError: Route /api/courses/instructor/my-courses not found\n    at notFoundHandler (file:///E:/mini-coursera-ui-tailwind/backend/middleware/errorHandler.js:325:17)\n    at Layer.handle [as handle_request] (E:\\mini-coursera-ui-tailwind\\backend\\node_modules\\express\\lib\\router\\layer.js:95:5)\n    at trim_prefix (E:\\mini-coursera-ui-tailwind\\backend\\node_modules\\express\\lib\\router\\index.js:328:13)\n    at E:\\mini-coursera-ui-tailwind\\backend\\node_modules\\express\\lib\\router\\index.js:286:9\n    at param (E:\\mini-coursera-ui-tailwind\\backend\\node_modules\\express\\lib\\router\\index.js:365:14)\n    at param (E:\\mini-coursera-ui-tailwind\\backend\\node_modules\\express\\lib\\router\\index.js:376:14)\n    at router.process_params (E:\\mini-coursera-ui-tailwind\\backend\\node_modules\\express\\lib\\router\\index.js:421:3)\n    at next (E:\\mini-coursera-ui-tailwind\\backend\\node_modules\\express\\lib\\router\\index.js:280:10)\n    at E:\\mini-coursera-ui-tailwind\\backend\\node_modules\\express\\lib\\router\\index.js:646:15\n    at next (E:\\mini-coursera-ui-tailwind\\backend\\node_modules\\express\\lib\\router\\index.js:265:14)"
  },
  "request": {
    "method": "GET",
    "url": "/api/courses/instructor/my-courses",
    "userAgent": "Mozilla/5.0 (Linux; Android 6.0; Nexus 5 Build/MRA58N) AppleWebKit/537.36 (KHTML, like Gecko) Chrome/141.0.0.0 Mobile Safari/537.36",
    "ip": "127.0.0.1",
    "userId": null,
    "body": {},
    "query": {}
  },
  "environment": "development"
}
{
  "timestamp": "2025-10-21T02:29:05.989Z",
  "error": {
    "name": "NotFoundError",
    "message": "Route /api/courses/instructor/my-courses not found",
    "type": "NOT_FOUND_ERROR",
    "code": 3001,
    "statusCode": 404,
    "stack": "NotFoundError: Route /api/courses/instructor/my-courses not found\n    at notFoundHandler (file:///E:/mini-coursera-ui-tailwind/backend/middleware/errorHandler.js:325:17)\n    at Layer.handle [as handle_request] (E:\\mini-coursera-ui-tailwind\\backend\\node_modules\\express\\lib\\router\\layer.js:95:5)\n    at trim_prefix (E:\\mini-coursera-ui-tailwind\\backend\\node_modules\\express\\lib\\router\\index.js:328:13)\n    at E:\\mini-coursera-ui-tailwind\\backend\\node_modules\\express\\lib\\router\\index.js:286:9\n    at param (E:\\mini-coursera-ui-tailwind\\backend\\node_modules\\express\\lib\\router\\index.js:365:14)\n    at param (E:\\mini-coursera-ui-tailwind\\backend\\node_modules\\express\\lib\\router\\index.js:376:14)\n    at router.process_params (E:\\mini-coursera-ui-tailwind\\backend\\node_modules\\express\\lib\\router\\index.js:421:3)\n    at next (E:\\mini-coursera-ui-tailwind\\backend\\node_modules\\express\\lib\\router\\index.js:280:10)\n    at E:\\mini-coursera-ui-tailwind\\backend\\node_modules\\express\\lib\\router\\index.js:646:15\n    at next (E:\\mini-coursera-ui-tailwind\\backend\\node_modules\\express\\lib\\router\\index.js:265:14)"
  },
  "request": {
    "method": "GET",
    "url": "/api/courses/instructor/my-courses",
    "userAgent": "Mozilla/5.0 (Windows NT 10.0; Win64; x64) AppleWebKit/537.36 (KHTML, like Gecko) Chrome/141.0.0.0 Safari/537.36",
    "ip": "127.0.0.1",
    "userId": null,
    "body": {},
    "query": {}
  },
  "environment": "development"
}
{
  "timestamp": "2025-10-21T02:29:05.998Z",
  "error": {
    "name": "NotFoundError",
    "message": "Route /api/courses/instructor/my-courses not found",
    "type": "NOT_FOUND_ERROR",
    "code": 3001,
    "statusCode": 404,
    "stack": "NotFoundError: Route /api/courses/instructor/my-courses not found\n    at notFoundHandler (file:///E:/mini-coursera-ui-tailwind/backend/middleware/errorHandler.js:325:17)\n    at Layer.handle [as handle_request] (E:\\mini-coursera-ui-tailwind\\backend\\node_modules\\express\\lib\\router\\layer.js:95:5)\n    at trim_prefix (E:\\mini-coursera-ui-tailwind\\backend\\node_modules\\express\\lib\\router\\index.js:328:13)\n    at E:\\mini-coursera-ui-tailwind\\backend\\node_modules\\express\\lib\\router\\index.js:286:9\n    at param (E:\\mini-coursera-ui-tailwind\\backend\\node_modules\\express\\lib\\router\\index.js:365:14)\n    at param (E:\\mini-coursera-ui-tailwind\\backend\\node_modules\\express\\lib\\router\\index.js:376:14)\n    at router.process_params (E:\\mini-coursera-ui-tailwind\\backend\\node_modules\\express\\lib\\router\\index.js:421:3)\n    at next (E:\\mini-coursera-ui-tailwind\\backend\\node_modules\\express\\lib\\router\\index.js:280:10)\n    at E:\\mini-coursera-ui-tailwind\\backend\\node_modules\\express\\lib\\router\\index.js:646:15\n    at next (E:\\mini-coursera-ui-tailwind\\backend\\node_modules\\express\\lib\\router\\index.js:265:14)"
  },
  "request": {
    "method": "GET",
    "url": "/api/courses/instructor/my-courses",
    "userAgent": "Mozilla/5.0 (Windows NT 10.0; Win64; x64) AppleWebKit/537.36 (KHTML, like Gecko) Chrome/141.0.0.0 Safari/537.36",
    "ip": "127.0.0.1",
    "userId": null,
    "body": {},
    "query": {}
  },
  "environment": "development"
}
{
  "timestamp": "2025-10-21T02:40:41.558Z",
  "error": {
    "name": "NotFoundError",
    "message": "Route /api/courses/instructor/my-courses not found",
    "type": "NOT_FOUND_ERROR",
    "code": 3001,
    "statusCode": 404,
    "stack": "NotFoundError: Route /api/courses/instructor/my-courses not found\n    at notFoundHandler (file:///E:/mini-coursera-ui-tailwind/backend/middleware/errorHandler.js:325:17)\n    at Layer.handle [as handle_request] (E:\\mini-coursera-ui-tailwind\\backend\\node_modules\\express\\lib\\router\\layer.js:95:5)\n    at trim_prefix (E:\\mini-coursera-ui-tailwind\\backend\\node_modules\\express\\lib\\router\\index.js:328:13)\n    at E:\\mini-coursera-ui-tailwind\\backend\\node_modules\\express\\lib\\router\\index.js:286:9\n    at param (E:\\mini-coursera-ui-tailwind\\backend\\node_modules\\express\\lib\\router\\index.js:365:14)\n    at param (E:\\mini-coursera-ui-tailwind\\backend\\node_modules\\express\\lib\\router\\index.js:376:14)\n    at router.process_params (E:\\mini-coursera-ui-tailwind\\backend\\node_modules\\express\\lib\\router\\index.js:421:3)\n    at next (E:\\mini-coursera-ui-tailwind\\backend\\node_modules\\express\\lib\\router\\index.js:280:10)\n    at E:\\mini-coursera-ui-tailwind\\backend\\node_modules\\express\\lib\\router\\index.js:646:15\n    at next (E:\\mini-coursera-ui-tailwind\\backend\\node_modules\\express\\lib\\router\\index.js:265:14)"
  },
  "request": {
    "method": "GET",
    "url": "/api/courses/instructor/my-courses",
    "userAgent": "Mozilla/5.0 (Windows NT 10.0; Win64; x64) AppleWebKit/537.36 (KHTML, like Gecko) Chrome/141.0.0.0 Safari/537.36",
    "ip": "127.0.0.1",
    "userId": null,
    "body": {},
    "query": {}
  },
  "environment": "development"
}
{
  "timestamp": "2025-10-21T02:40:41.575Z",
  "error": {
    "name": "NotFoundError",
    "message": "Route /api/courses/instructor/my-courses not found",
    "type": "NOT_FOUND_ERROR",
    "code": 3001,
    "statusCode": 404,
    "stack": "NotFoundError: Route /api/courses/instructor/my-courses not found\n    at notFoundHandler (file:///E:/mini-coursera-ui-tailwind/backend/middleware/errorHandler.js:325:17)\n    at Layer.handle [as handle_request] (E:\\mini-coursera-ui-tailwind\\backend\\node_modules\\express\\lib\\router\\layer.js:95:5)\n    at trim_prefix (E:\\mini-coursera-ui-tailwind\\backend\\node_modules\\express\\lib\\router\\index.js:328:13)\n    at E:\\mini-coursera-ui-tailwind\\backend\\node_modules\\express\\lib\\router\\index.js:286:9\n    at param (E:\\mini-coursera-ui-tailwind\\backend\\node_modules\\express\\lib\\router\\index.js:365:14)\n    at param (E:\\mini-coursera-ui-tailwind\\backend\\node_modules\\express\\lib\\router\\index.js:376:14)\n    at router.process_params (E:\\mini-coursera-ui-tailwind\\backend\\node_modules\\express\\lib\\router\\index.js:421:3)\n    at next (E:\\mini-coursera-ui-tailwind\\backend\\node_modules\\express\\lib\\router\\index.js:280:10)\n    at E:\\mini-coursera-ui-tailwind\\backend\\node_modules\\express\\lib\\router\\index.js:646:15\n    at next (E:\\mini-coursera-ui-tailwind\\backend\\node_modules\\express\\lib\\router\\index.js:265:14)"
  },
  "request": {
    "method": "GET",
    "url": "/api/courses/instructor/my-courses",
    "userAgent": "Mozilla/5.0 (Windows NT 10.0; Win64; x64) AppleWebKit/537.36 (KHTML, like Gecko) Chrome/141.0.0.0 Safari/537.36",
    "ip": "127.0.0.1",
    "userId": null,
    "body": {},
    "query": {}
  },
  "environment": "development"
}
{
  "timestamp": "2025-10-21T02:47:04.695Z",
  "error": {
    "name": "NotFoundError",
    "message": "Route /api/courses/instructor/my-courses not found",
    "type": "NOT_FOUND_ERROR",
    "code": 3001,
    "statusCode": 404,
    "stack": "NotFoundError: Route /api/courses/instructor/my-courses not found\n    at notFoundHandler (file:///E:/mini-coursera-ui-tailwind/backend/middleware/errorHandler.js:325:17)\n    at Layer.handle [as handle_request] (E:\\mini-coursera-ui-tailwind\\backend\\node_modules\\express\\lib\\router\\layer.js:95:5)\n    at trim_prefix (E:\\mini-coursera-ui-tailwind\\backend\\node_modules\\express\\lib\\router\\index.js:328:13)\n    at E:\\mini-coursera-ui-tailwind\\backend\\node_modules\\express\\lib\\router\\index.js:286:9\n    at param (E:\\mini-coursera-ui-tailwind\\backend\\node_modules\\express\\lib\\router\\index.js:365:14)\n    at param (E:\\mini-coursera-ui-tailwind\\backend\\node_modules\\express\\lib\\router\\index.js:376:14)\n    at router.process_params (E:\\mini-coursera-ui-tailwind\\backend\\node_modules\\express\\lib\\router\\index.js:421:3)\n    at next (E:\\mini-coursera-ui-tailwind\\backend\\node_modules\\express\\lib\\router\\index.js:280:10)\n    at E:\\mini-coursera-ui-tailwind\\backend\\node_modules\\express\\lib\\router\\index.js:646:15\n    at next (E:\\mini-coursera-ui-tailwind\\backend\\node_modules\\express\\lib\\router\\index.js:265:14)"
  },
  "request": {
    "method": "GET",
    "url": "/api/courses/instructor/my-courses",
    "userAgent": "Mozilla/5.0 (Windows NT 10.0; Win64; x64) AppleWebKit/537.36 (KHTML, like Gecko) Chrome/141.0.0.0 Safari/537.36",
    "ip": "127.0.0.1",
    "userId": null,
    "body": {},
    "query": {}
  },
  "environment": "development"
}
{
  "timestamp": "2025-10-21T02:47:04.709Z",
  "error": {
    "name": "NotFoundError",
    "message": "Route /api/courses/instructor/my-courses not found",
    "type": "NOT_FOUND_ERROR",
    "code": 3001,
    "statusCode": 404,
    "stack": "NotFoundError: Route /api/courses/instructor/my-courses not found\n    at notFoundHandler (file:///E:/mini-coursera-ui-tailwind/backend/middleware/errorHandler.js:325:17)\n    at Layer.handle [as handle_request] (E:\\mini-coursera-ui-tailwind\\backend\\node_modules\\express\\lib\\router\\layer.js:95:5)\n    at trim_prefix (E:\\mini-coursera-ui-tailwind\\backend\\node_modules\\express\\lib\\router\\index.js:328:13)\n    at E:\\mini-coursera-ui-tailwind\\backend\\node_modules\\express\\lib\\router\\index.js:286:9\n    at param (E:\\mini-coursera-ui-tailwind\\backend\\node_modules\\express\\lib\\router\\index.js:365:14)\n    at param (E:\\mini-coursera-ui-tailwind\\backend\\node_modules\\express\\lib\\router\\index.js:376:14)\n    at router.process_params (E:\\mini-coursera-ui-tailwind\\backend\\node_modules\\express\\lib\\router\\index.js:421:3)\n    at next (E:\\mini-coursera-ui-tailwind\\backend\\node_modules\\express\\lib\\router\\index.js:280:10)\n    at E:\\mini-coursera-ui-tailwind\\backend\\node_modules\\express\\lib\\router\\index.js:646:15\n    at next (E:\\mini-coursera-ui-tailwind\\backend\\node_modules\\express\\lib\\router\\index.js:265:14)"
  },
  "request": {
    "method": "GET",
    "url": "/api/courses/instructor/my-courses",
    "userAgent": "Mozilla/5.0 (Windows NT 10.0; Win64; x64) AppleWebKit/537.36 (KHTML, like Gecko) Chrome/141.0.0.0 Safari/537.36",
    "ip": "127.0.0.1",
    "userId": null,
    "body": {},
    "query": {}
  },
  "environment": "development"
}
{
  "timestamp": "2025-10-21T02:58:34.554Z",
  "error": {
    "name": "NotFoundError",
    "message": "Route /api/courses/instructor/my-courses not found",
    "type": "NOT_FOUND_ERROR",
    "code": 3001,
    "statusCode": 404,
    "stack": "NotFoundError: Route /api/courses/instructor/my-courses not found\n    at notFoundHandler (file:///E:/mini-coursera-ui-tailwind/backend/middleware/errorHandler.js:325:17)\n    at Layer.handle [as handle_request] (E:\\mini-coursera-ui-tailwind\\backend\\node_modules\\express\\lib\\router\\layer.js:95:5)\n    at trim_prefix (E:\\mini-coursera-ui-tailwind\\backend\\node_modules\\express\\lib\\router\\index.js:328:13)\n    at E:\\mini-coursera-ui-tailwind\\backend\\node_modules\\express\\lib\\router\\index.js:286:9\n    at param (E:\\mini-coursera-ui-tailwind\\backend\\node_modules\\express\\lib\\router\\index.js:365:14)\n    at param (E:\\mini-coursera-ui-tailwind\\backend\\node_modules\\express\\lib\\router\\index.js:376:14)\n    at router.process_params (E:\\mini-coursera-ui-tailwind\\backend\\node_modules\\express\\lib\\router\\index.js:421:3)\n    at next (E:\\mini-coursera-ui-tailwind\\backend\\node_modules\\express\\lib\\router\\index.js:280:10)\n    at E:\\mini-coursera-ui-tailwind\\backend\\node_modules\\express\\lib\\router\\index.js:646:15\n    at next (E:\\mini-coursera-ui-tailwind\\backend\\node_modules\\express\\lib\\router\\index.js:265:14)"
  },
  "request": {
    "method": "GET",
    "url": "/api/courses/instructor/my-courses",
    "userAgent": "Mozilla/5.0 (Windows NT 10.0; Win64; x64) AppleWebKit/537.36 (KHTML, like Gecko) Chrome/141.0.0.0 Safari/537.36",
    "ip": "127.0.0.1",
    "userId": null,
    "body": {},
    "query": {}
  },
  "environment": "development"
}
{
  "timestamp": "2025-10-21T02:58:34.560Z",
  "error": {
    "name": "NotFoundError",
    "message": "Route /api/courses/instructor/my-courses not found",
    "type": "NOT_FOUND_ERROR",
    "code": 3001,
    "statusCode": 404,
    "stack": "NotFoundError: Route /api/courses/instructor/my-courses not found\n    at notFoundHandler (file:///E:/mini-coursera-ui-tailwind/backend/middleware/errorHandler.js:325:17)\n    at Layer.handle [as handle_request] (E:\\mini-coursera-ui-tailwind\\backend\\node_modules\\express\\lib\\router\\layer.js:95:5)\n    at trim_prefix (E:\\mini-coursera-ui-tailwind\\backend\\node_modules\\express\\lib\\router\\index.js:328:13)\n    at E:\\mini-coursera-ui-tailwind\\backend\\node_modules\\express\\lib\\router\\index.js:286:9\n    at param (E:\\mini-coursera-ui-tailwind\\backend\\node_modules\\express\\lib\\router\\index.js:365:14)\n    at param (E:\\mini-coursera-ui-tailwind\\backend\\node_modules\\express\\lib\\router\\index.js:376:14)\n    at router.process_params (E:\\mini-coursera-ui-tailwind\\backend\\node_modules\\express\\lib\\router\\index.js:421:3)\n    at next (E:\\mini-coursera-ui-tailwind\\backend\\node_modules\\express\\lib\\router\\index.js:280:10)\n    at E:\\mini-coursera-ui-tailwind\\backend\\node_modules\\express\\lib\\router\\index.js:646:15\n    at next (E:\\mini-coursera-ui-tailwind\\backend\\node_modules\\express\\lib\\router\\index.js:265:14)"
  },
  "request": {
    "method": "GET",
    "url": "/api/courses/instructor/my-courses",
    "userAgent": "Mozilla/5.0 (Windows NT 10.0; Win64; x64) AppleWebKit/537.36 (KHTML, like Gecko) Chrome/141.0.0.0 Safari/537.36",
    "ip": "127.0.0.1",
    "userId": null,
    "body": {},
    "query": {}
  },
  "environment": "development"
}
{
  "timestamp": "2025-10-21T03:04:07.164Z",
  "error": {
    "name": "NotFoundError",
    "message": "Route /api/courses/instructor/my-courses not found",
    "type": "NOT_FOUND_ERROR",
    "code": 3001,
    "statusCode": 404,
    "stack": "NotFoundError: Route /api/courses/instructor/my-courses not found\n    at notFoundHandler (file:///E:/mini-coursera-ui-tailwind/backend/middleware/errorHandler.js:325:17)\n    at Layer.handle [as handle_request] (E:\\mini-coursera-ui-tailwind\\backend\\node_modules\\express\\lib\\router\\layer.js:95:5)\n    at trim_prefix (E:\\mini-coursera-ui-tailwind\\backend\\node_modules\\express\\lib\\router\\index.js:328:13)\n    at E:\\mini-coursera-ui-tailwind\\backend\\node_modules\\express\\lib\\router\\index.js:286:9\n    at param (E:\\mini-coursera-ui-tailwind\\backend\\node_modules\\express\\lib\\router\\index.js:365:14)\n    at param (E:\\mini-coursera-ui-tailwind\\backend\\node_modules\\express\\lib\\router\\index.js:376:14)\n    at router.process_params (E:\\mini-coursera-ui-tailwind\\backend\\node_modules\\express\\lib\\router\\index.js:421:3)\n    at next (E:\\mini-coursera-ui-tailwind\\backend\\node_modules\\express\\lib\\router\\index.js:280:10)\n    at E:\\mini-coursera-ui-tailwind\\backend\\node_modules\\express\\lib\\router\\index.js:646:15\n    at next (E:\\mini-coursera-ui-tailwind\\backend\\node_modules\\express\\lib\\router\\index.js:265:14)"
  },
  "request": {
    "method": "GET",
    "url": "/api/courses/instructor/my-courses",
    "userAgent": "Mozilla/5.0 (Windows NT 10.0; Win64; x64) AppleWebKit/537.36 (KHTML, like Gecko) Chrome/141.0.0.0 Safari/537.36",
    "ip": "127.0.0.1",
    "userId": null,
    "body": {},
    "query": {}
  },
  "environment": "development"
}
{
  "timestamp": "2025-10-21T03:04:07.172Z",
  "error": {
    "name": "NotFoundError",
    "message": "Route /api/courses/instructor/my-courses not found",
    "type": "NOT_FOUND_ERROR",
    "code": 3001,
    "statusCode": 404,
    "stack": "NotFoundError: Route /api/courses/instructor/my-courses not found\n    at notFoundHandler (file:///E:/mini-coursera-ui-tailwind/backend/middleware/errorHandler.js:325:17)\n    at Layer.handle [as handle_request] (E:\\mini-coursera-ui-tailwind\\backend\\node_modules\\express\\lib\\router\\layer.js:95:5)\n    at trim_prefix (E:\\mini-coursera-ui-tailwind\\backend\\node_modules\\express\\lib\\router\\index.js:328:13)\n    at E:\\mini-coursera-ui-tailwind\\backend\\node_modules\\express\\lib\\router\\index.js:286:9\n    at param (E:\\mini-coursera-ui-tailwind\\backend\\node_modules\\express\\lib\\router\\index.js:365:14)\n    at param (E:\\mini-coursera-ui-tailwind\\backend\\node_modules\\express\\lib\\router\\index.js:376:14)\n    at router.process_params (E:\\mini-coursera-ui-tailwind\\backend\\node_modules\\express\\lib\\router\\index.js:421:3)\n    at next (E:\\mini-coursera-ui-tailwind\\backend\\node_modules\\express\\lib\\router\\index.js:280:10)\n    at E:\\mini-coursera-ui-tailwind\\backend\\node_modules\\express\\lib\\router\\index.js:646:15\n    at next (E:\\mini-coursera-ui-tailwind\\backend\\node_modules\\express\\lib\\router\\index.js:265:14)"
  },
  "request": {
    "method": "GET",
    "url": "/api/courses/instructor/my-courses",
    "userAgent": "Mozilla/5.0 (Windows NT 10.0; Win64; x64) AppleWebKit/537.36 (KHTML, like Gecko) Chrome/141.0.0.0 Safari/537.36",
    "ip": "127.0.0.1",
    "userId": null,
    "body": {},
    "query": {}
  },
  "environment": "development"
}
